# JRE version: OpenJDK Runtime Environment (8.0_292-b10) (build 1.8.0_292-b10)
# Java VM: OpenJDK 64-Bit Server VM (25.292-b10 mixed mode windows-amd64 compressed oops)
Heap:
 PSYoungGen      total 289792K, used 82033K [0x00000000eab00000, 0x00000000ffe80000, 0x0000000100000000)
  eden space 235008K, 22% used [0x00000000eab00000,0x00000000ede74708,0x00000000f9080000)
  from space 54784K, 53% used [0x00000000fc900000,0x00000000fe5a8010,0x00000000ffe80000)
  to   space 56320K, 0% used [0x00000000f9080000,0x00000000f9080000,0x00000000fc780000)
 ParOldGen       total 331264K, used 297794K [0x00000000c0000000, 0x00000000d4380000, 0x00000000eab00000)
  object space 331264K, 89% used [0x00000000c0000000,0x00000000d22d09f8,0x00000000d4380000)
 Metaspace       used 6605K, capacity 6782K, committed 6912K, reserved 1056768K
  class space    used 641K, capacity 705K, committed 768K, reserved 1048576K
GC Heap History (90 events):
Event: 0.211 GC heap before
{Heap before GC invocations=1 (full 0):
 PSYoungGen      total 76288K, used 5249K [0x00000000eab00000, 0x00000000f0000000, 0x0000000100000000)
  eden space 65536K, 8% used [0x00000000eab00000,0x00000000eb0204c0,0x00000000eeb00000)
  from space 10752K, 0% used [0x00000000ef580000,0x00000000ef580000,0x00000000f0000000)
  to   space 10752K, 0% used [0x00000000eeb00000,0x00000000eeb00000,0x00000000ef580000)
 ParOldGen       total 175104K, used 0K [0x00000000c0000000, 0x00000000cab00000, 0x00000000eab00000)
  object space 175104K, 0% used [0x00000000c0000000,0x00000000c0000000,0x00000000cab00000)
 Metaspace       used 4394K, capacity 4738K, committed 4864K, reserved 1056768K
  class space    used 446K, capacity 498K, committed 512K, reserved 1048576K
Event: 0.212 GC heap after
Heap after GC invocations=1 (full 0):
 PSYoungGen      total 76288K, used 1193K [0x00000000eab00000, 0x00000000f0000000, 0x0000000100000000)
  eden space 65536K, 0% used [0x00000000eab00000,0x00000000eab00000,0x00000000eeb00000)
  from space 10752K, 11% used [0x00000000eeb00000,0x00000000eec2a630,0x00000000ef580000)
  to   space 10752K, 0% used [0x00000000ef580000,0x00000000ef580000,0x00000000f0000000)
 ParOldGen       total 175104K, used 8K [0x00000000c0000000, 0x00000000cab00000, 0x00000000eab00000)
  object space 175104K, 0% used [0x00000000c0000000,0x00000000c0002000,0x00000000cab00000)
 Metaspace       used 4394K, capacity 4738K, committed 4864K, reserved 1056768K
  class space    used 446K, capacity 498K, committed 512K, reserved 1048576K
}
Event: 0.212 GC heap before
{Heap before GC invocations=2 (full 1):
 PSYoungGen      total 76288K, used 1193K [0x00000000eab00000, 0x00000000f0000000, 0x0000000100000000)
  eden space 65536K, 0% used [0x00000000eab00000,0x00000000eab00000,0x00000000eeb00000)
  from space 10752K, 11% used [0x00000000eeb00000,0x00000000eec2a630,0x00000000ef580000)
  to   space 10752K, 0% used [0x00000000ef580000,0x00000000ef580000,0x00000000f0000000)
 ParOldGen       total 175104K, used 8K [0x00000000c0000000, 0x00000000cab00000, 0x00000000eab00000)
  object space 175104K, 0% used [0x00000000c0000000,0x00000000c0002000,0x00000000cab00000)
 Metaspace       used 4394K, capacity 4738K, committed 4864K, reserved 1056768K
  class space    used 446K, capacity 498K, committed 512K, reserved 1048576K
Event: 0.216 GC heap after
Heap after GC invocations=2 (full 1):
 PSYoungGen      total 76288K, used 0K [0x00000000eab00000, 0x00000000f0000000, 0x0000000100000000)
  eden space 65536K, 0% used [0x00000000eab00000,0x00000000eab00000,0x00000000eeb00000)
  from space 10752K, 0% used [0x00000000eeb00000,0x00000000eeb00000,0x00000000ef580000)
  to   space 10752K, 0% used [0x00000000ef580000,0x00000000ef580000,0x00000000f0000000)
 ParOldGen       total 175104K, used 1036K [0x00000000c0000000, 0x00000000cab00000, 0x00000000eab00000)
  object space 175104K, 0% used [0x00000000c0000000,0x00000000c0103170,0x00000000cab00000)
 Metaspace       used 4394K, capacity 4738K, committed 4864K, reserved 1056768K
  class space    used 446K, capacity 498K, committed 512K, reserved 1048576K
}
Event: 0.467 GC heap before
{Heap before GC invocations=3 (full 1):
 PSYoungGen      total 76288K, used 65536K [0x00000000eab00000, 0x00000000f0000000, 0x0000000100000000)
  eden space 65536K, 100% used [0x00000000eab00000,0x00000000eeb00000,0x00000000eeb00000)
  from space 10752K, 0% used [0x00000000eeb00000,0x00000000eeb00000,0x00000000ef580000)
  to   space 10752K, 0% used [0x00000000ef580000,0x00000000ef580000,0x00000000f0000000)
 ParOldGen       total 175104K, used 1036K [0x00000000c0000000, 0x00000000cab00000, 0x00000000eab00000)
  object space 175104K, 0% used [0x00000000c0000000,0x00000000c0103170,0x00000000cab00000)
 Metaspace       used 5696K, capacity 5918K, committed 6144K, reserved 1056768K
  class space    used 570K, capacity 673K, committed 768K, reserved 1048576K
Event: 0.472 GC heap after
Heap after GC invocations=3 (full 1):
 PSYoungGen      total 76288K, used 10748K [0x00000000eab00000, 0x00000000f4000000, 0x0000000100000000)
  eden space 65536K, 0% used [0x00000000eab00000,0x00000000eab00000,0x00000000eeb00000)
  from space 10752K, 99% used [0x00000000ef580000,0x00000000effff030,0x00000000f0000000)
  to   space 10752K, 0% used [0x00000000eeb00000,0x00000000eeb00000,0x00000000ef580000)
 ParOldGen       total 175104K, used 6462K [0x00000000c0000000, 0x00000000cab00000, 0x00000000eab00000)
  object space 175104K, 3% used [0x00000000c0000000,0x00000000c064f848,0x00000000cab00000)
 Metaspace       used 5696K, capacity 5918K, committed 6144K, reserved 1056768K
  class space    used 570K, capacity 673K, committed 768K, reserved 1048576K
}
Event: 0.496 GC heap before
{Heap before GC invocations=4 (full 1):
 PSYoungGen      total 76288K, used 33895K [0x00000000eab00000, 0x00000000f4000000, 0x0000000100000000)
  eden space 65536K, 35% used [0x00000000eab00000,0x00000000ec19ae08,0x00000000eeb00000)
  from space 10752K, 99% used [0x00000000ef580000,0x00000000effff030,0x00000000f0000000)
  to   space 10752K, 0% used [0x00000000eeb00000,0x00000000eeb00000,0x00000000ef580000)
 ParOldGen       total 175104K, used 6462K [0x00000000c0000000, 0x00000000cab00000, 0x00000000eab00000)
  object space 175104K, 3% used [0x00000000c0000000,0x00000000c064f848,0x00000000cab00000)
 Metaspace       used 5710K, capacity 5918K, committed 6144K, reserved 1056768K
  class space    used 570K, capacity 673K, committed 768K, reserved 1048576K
Event: 0.500 GC heap after
Heap after GC invocations=4 (full 1):
 PSYoungGen      total 76288K, used 10741K [0x00000000eab00000, 0x00000000f4000000, 0x0000000100000000)
  eden space 65536K, 0% used [0x00000000eab00000,0x00000000eab00000,0x00000000eeb00000)
  from space 10752K, 99% used [0x00000000eeb00000,0x00000000ef57d640,0x00000000ef580000)
  to   space 10752K, 0% used [0x00000000f3580000,0x00000000f3580000,0x00000000f4000000)
 ParOldGen       total 175104K, used 9886K [0x00000000c0000000, 0x00000000cab00000, 0x00000000eab00000)
  object space 175104K, 5% used [0x00000000c0000000,0x00000000c09a7858,0x00000000cab00000)
 Metaspace       used 5710K, capacity 5918K, committed 6144K, reserved 1056768K
  class space    used 570K, capacity 673K, committed 768K, reserved 1048576K
}
Event: 0.500 GC heap before
{Heap before GC invocations=5 (full 2):
 PSYoungGen      total 76288K, used 10741K [0x00000000eab00000, 0x00000000f4000000, 0x0000000100000000)
  eden space 65536K, 0% used [0x00000000eab00000,0x00000000eab00000,0x00000000eeb00000)
  from space 10752K, 99% used [0x00000000eeb00000,0x00000000ef57d640,0x00000000ef580000)
  to   space 10752K, 0% used [0x00000000f3580000,0x00000000f3580000,0x00000000f4000000)
 ParOldGen       total 175104K, used 9886K [0x00000000c0000000, 0x00000000cab00000, 0x00000000eab00000)
  object space 175104K, 5% used [0x00000000c0000000,0x00000000c09a7858,0x00000000cab00000)
 Metaspace       used 5710K, capacity 5918K, committed 6144K, reserved 1056768K
  class space    used 570K, capacity 673K, committed 768K, reserved 1048576K
Event: 0.577 GC heap after
Heap after GC invocations=5 (full 2):
 PSYoungGen      total 76288K, used 0K [0x00000000eab00000, 0x00000000f4000000, 0x0000000100000000)
  eden space 65536K, 0% used [0x00000000eab00000,0x00000000eab00000,0x00000000eeb00000)
  from space 10752K, 0% used [0x00000000eeb00000,0x00000000eeb00000,0x00000000ef580000)
  to   space 10752K, 0% used [0x00000000f3580000,0x00000000f3580000,0x00000000f4000000)
 ParOldGen       total 175104K, used 19450K [0x00000000c0000000, 0x00000000cab00000, 0x00000000eab00000)
  object space 175104K, 11% used [0x00000000c0000000,0x00000000c12fe9d8,0x00000000cab00000)
 Metaspace       used 5710K, capacity 5918K, committed 6144K, reserved 1056768K
  class space    used 570K, capacity 673K, committed 768K, reserved 1048576K
}
Event: 0.598 GC heap before
{Heap before GC invocations=6 (full 2):
 PSYoungGen      total 76288K, used 3250K [0x00000000eab00000, 0x00000000f4000000, 0x0000000100000000)
  eden space 65536K, 4% used [0x00000000eab00000,0x00000000eae2cab8,0x00000000eeb00000)
  from space 10752K, 0% used [0x00000000eeb00000,0x00000000eeb00000,0x00000000ef580000)
  to   space 10752K, 0% used [0x00000000f3580000,0x00000000f3580000,0x00000000f4000000)
 ParOldGen       total 175104K, used 19450K [0x00000000c0000000, 0x00000000cab00000, 0x00000000eab00000)
  object space 175104K, 11% used [0x00000000c0000000,0x00000000c12fe9d8,0x00000000cab00000)
 Metaspace       used 5711K, capacity 5918K, committed 6144K, reserved 1056768K
  class space    used 570K, capacity 673K, committed 768K, reserved 1048576K
Event: 0.599 GC heap after
Heap after GC invocations=6 (full 2):
 PSYoungGen      total 141824K, used 320K [0x00000000eab00000, 0x00000000f4000000, 0x0000000100000000)
  eden space 131072K, 0% used [0x00000000eab00000,0x00000000eab00000,0x00000000f2b00000)
  from space 10752K, 2% used [0x00000000f3580000,0x00000000f35d0000,0x00000000f4000000)
  to   space 10752K, 0% used [0x00000000f2b00000,0x00000000f2b00000,0x00000000f3580000)
 ParOldGen       total 175104K, used 19450K [0x00000000c0000000, 0x00000000cab00000, 0x00000000eab00000)
  object space 175104K, 11% used [0x00000000c0000000,0x00000000c12fe9d8,0x00000000cab00000)
 Metaspace       used 5711K, capacity 5918K, committed 6144K, reserved 1056768K
  class space    used 570K, capacity 673K, committed 768K, reserved 1048576K
}
Event: 0.599 GC heap before
{Heap before GC invocations=7 (full 3):
 PSYoungGen      total 141824K, used 320K [0x00000000eab00000, 0x00000000f4000000, 0x0000000100000000)
  eden space 131072K, 0% used [0x00000000eab00000,0x00000000eab00000,0x00000000f2b00000)
  from space 10752K, 2% used [0x00000000f3580000,0x00000000f35d0000,0x00000000f4000000)
  to   space 10752K, 0% used [0x00000000f2b00000,0x00000000f2b00000,0x00000000f3580000)
 ParOldGen       total 175104K, used 19450K [0x00000000c0000000, 0x00000000cab00000, 0x00000000eab00000)
  object space 175104K, 11% used [0x00000000c0000000,0x00000000c12fe9d8,0x00000000cab00000)
 Metaspace       used 5711K, capacity 5918K, committed 6144K, reserved 1056768K
  class space    used 570K, capacity 673K, committed 768K, reserved 1048576K
Event: 0.645 GC heap after
Heap after GC invocations=7 (full 3):
 PSYoungGen      total 141824K, used 0K [0x00000000eab00000, 0x00000000f4000000, 0x0000000100000000)
  eden space 131072K, 0% used [0x00000000eab00000,0x00000000eab00000,0x00000000f2b00000)
  from space 10752K, 0% used [0x00000000f3580000,0x00000000f3580000,0x00000000f4000000)
  to   space 10752K, 0% used [0x00000000f2b00000,0x00000000f2b00000,0x00000000f3580000)
 ParOldGen       total 175104K, used 19569K [0x00000000c0000000, 0x00000000cab00000, 0x00000000eab00000)
  object space 175104K, 11% used [0x00000000c0000000,0x00000000c131c450,0x00000000cab00000)
 Metaspace       used 5711K, capacity 5918K, committed 6144K, reserved 1056768K
  class space    used 570K, capacity 673K, committed 768K, reserved 1048576K
}
Event: 0.849 GC heap before
{Heap before GC invocations=8 (full 3):
 PSYoungGen      total 141824K, used 131072K [0x00000000eab00000, 0x00000000f4000000, 0x0000000100000000)
  eden space 131072K, 100% used [0x00000000eab00000,0x00000000f2b00000,0x00000000f2b00000)
  from space 10752K, 0% used [0x00000000f3580000,0x00000000f3580000,0x00000000f4000000)
  to   space 10752K, 0% used [0x00000000f2b00000,0x00000000f2b00000,0x00000000f3580000)
 ParOldGen       total 175104K, used 19569K [0x00000000c0000000, 0x00000000cab00000, 0x00000000eab00000)
  object space 175104K, 11% used [0x00000000c0000000,0x00000000c131c450,0x00000000cab00000)
 Metaspace       used 5720K, capacity 5918K, committed 6144K, reserved 1056768K
  class space    used 570K, capacity 673K, committed 768K, reserved 1048576K
Event: 0.859 GC heap after
Heap after GC invocations=8 (full 3):
 PSYoungGen      total 141824K, used 10743K [0x00000000eab00000, 0x00000000fc000000, 0x0000000100000000)
  eden space 131072K, 0% used [0x00000000eab00000,0x00000000eab00000,0x00000000f2b00000)
  from space 10752K, 99% used [0x00000000f2b00000,0x00000000f357deb0,0x00000000f3580000)
  to   space 10752K, 0% used [0x00000000fb580000,0x00000000fb580000,0x00000000fc000000)
 ParOldGen       total 175104K, used 27385K [0x00000000c0000000, 0x00000000cab00000, 0x00000000eab00000)
  object space 175104K, 15% used [0x00000000c0000000,0x00000000c1abe460,0x00000000cab00000)
 Metaspace       used 5720K, capacity 5918K, committed 6144K, reserved 1056768K
  class space    used 570K, capacity 673K, committed 768K, reserved 1048576K
}
Event: 0.881 GC heap before
{Heap before GC invocations=9 (full 3):
 PSYoungGen      total 141824K, used 29578K [0x00000000eab00000, 0x00000000fc000000, 0x0000000100000000)
  eden space 131072K, 14% used [0x00000000eab00000,0x00000000ebd64c68,0x00000000f2b00000)
  from space 10752K, 99% used [0x00000000f2b00000,0x00000000f357deb0,0x00000000f3580000)
  to   space 10752K, 0% used [0x00000000fb580000,0x00000000fb580000,0x00000000fc000000)
 ParOldGen       total 175104K, used 27385K [0x00000000c0000000, 0x00000000cab00000, 0x00000000eab00000)
  object space 175104K, 15% used [0x00000000c0000000,0x00000000c1abe460,0x00000000cab00000)
 Metaspace       used 5720K, capacity 5918K, committed 6144K, reserved 1056768K
  class space    used 570K, capacity 673K, committed 768K, reserved 1048576K
Event: 0.887 GC heap after
Heap after GC invocations=9 (full 3):
 PSYoungGen      total 272896K, used 10727K [0x00000000eab00000, 0x00000000fc000000, 0x0000000100000000)
  eden space 262144K, 0% used [0x00000000eab00000,0x00000000eab00000,0x00000000fab00000)
  from space 10752K, 99% used [0x00000000fb580000,0x00000000fbff9ec0,0x00000000fc000000)
  to   space 10752K, 0% used [0x00000000fab00000,0x00000000fab00000,0x00000000fb580000)
 ParOldGen       total 175104K, used 29417K [0x00000000c0000000, 0x00000000cab00000, 0x00000000eab00000)
  object space 175104K, 16% used [0x00000000c0000000,0x00000000c1cba460,0x00000000cab00000)
 Metaspace       used 5720K, capacity 5918K, committed 6144K, reserved 1056768K
  class space    used 570K, capacity 673K, committed 768K, reserved 1048576K
}
Event: 0.887 GC heap before
{Heap before GC invocations=10 (full 4):
 PSYoungGen      total 272896K, used 10727K [0x00000000eab00000, 0x00000000fc000000, 0x0000000100000000)
  eden space 262144K, 0% used [0x00000000eab00000,0x00000000eab00000,0x00000000fab00000)
  from space 10752K, 99% used [0x00000000fb580000,0x00000000fbff9ec0,0x00000000fc000000)
  to   space 10752K, 0% used [0x00000000fab00000,0x00000000fab00000,0x00000000fb580000)
 ParOldGen       total 175104K, used 29417K [0x00000000c0000000, 0x00000000cab00000, 0x00000000eab00000)
  object space 175104K, 16% used [0x00000000c0000000,0x00000000c1cba460,0x00000000cab00000)
 Metaspace       used 5720K, capacity 5918K, committed 6144K, reserved 1056768K
  class space    used 570K, capacity 673K, committed 768K, reserved 1048576K
Event: 0.960 GC heap after
Heap after GC invocations=10 (full 4):
 PSYoungGen      total 272896K, used 0K [0x00000000eab00000, 0x00000000fc000000, 0x0000000100000000)
  eden space 262144K, 0% used [0x00000000eab00000,0x00000000eab00000,0x00000000fab00000)
  from space 10752K, 0% used [0x00000000fb580000,0x00000000fb580000,0x00000000fc000000)
  to   space 10752K, 0% used [0x00000000fab00000,0x00000000fab00000,0x00000000fb580000)
 ParOldGen       total 175104K, used 39455K [0x00000000c0000000, 0x00000000cab00000, 0x00000000eab00000)
  object space 175104K, 22% used [0x00000000c0000000,0x00000000c2687e70,0x00000000cab00000)
 Metaspace       used 5720K, capacity 5918K, committed 6144K, reserved 1056768K
  class space    used 570K, capacity 673K, committed 768K, reserved 1048576K
}
Event: 0.982 GC heap before
{Heap before GC invocations=11 (full 4):
 PSYoungGen      total 272896K, used 22255K [0x00000000eab00000, 0x00000000fc000000, 0x0000000100000000)
  eden space 262144K, 8% used [0x00000000eab00000,0x00000000ec0bbf68,0x00000000fab00000)
  from space 10752K, 0% used [0x00000000fb580000,0x00000000fb580000,0x00000000fc000000)
  to   space 10752K, 0% used [0x00000000fab00000,0x00000000fab00000,0x00000000fb580000)
 ParOldGen       total 175104K, used 39455K [0x00000000c0000000, 0x00000000cab00000, 0x00000000eab00000)
  object space 175104K, 22% used [0x00000000c0000000,0x00000000c2687e70,0x00000000cab00000)
 Metaspace       used 5720K, capacity 5918K, committed 6144K, reserved 1056768K
  class space    used 570K, capacity 673K, committed 768K, reserved 1048576K
Event: 0.984 GC heap after
Heap after GC invocations=11 (full 4):
 PSYoungGen      total 272896K, used 2016K [0x00000000eab00000, 0x00000000fc000000, 0x0000000100000000)
  eden space 262144K, 0% used [0x00000000eab00000,0x00000000eab00000,0x00000000fab00000)
  from space 10752K, 18% used [0x00000000fab00000,0x00000000facf8000,0x00000000fb580000)
  to   space 10752K, 0% used [0x00000000fb580000,0x00000000fb580000,0x00000000fc000000)
 ParOldGen       total 175104K, used 39455K [0x00000000c0000000, 0x00000000cab00000, 0x00000000eab00000)
  object space 175104K, 22% used [0x00000000c0000000,0x00000000c2687e70,0x00000000cab00000)
 Metaspace       used 5720K, capacity 5918K, committed 6144K, reserved 1056768K
  class space    used 570K, capacity 673K, committed 768K, reserved 1048576K
}
Event: 0.984 GC heap before
{Heap before GC invocations=12 (full 5):
 PSYoungGen      total 272896K, used 2016K [0x00000000eab00000, 0x00000000fc000000, 0x0000000100000000)
  eden space 262144K, 0% used [0x00000000eab00000,0x00000000eab00000,0x00000000fab00000)
  from space 10752K, 18% used [0x00000000fab00000,0x00000000facf8000,0x00000000fb580000)
  to   space 10752K, 0% used [0x00000000fb580000,0x00000000fb580000,0x00000000fc000000)
 ParOldGen       total 175104K, used 39455K [0x00000000c0000000, 0x00000000cab00000, 0x00000000eab00000)
  object space 175104K, 22% used [0x00000000c0000000,0x00000000c2687e70,0x00000000cab00000)
 Metaspace       used 5720K, capacity 5918K, committed 6144K, reserved 1056768K
  class space    used 570K, capacity 673K, committed 768K, reserved 1048576K
Event: 1.022 GC heap after
Heap after GC invocations=12 (full 5):
 PSYoungGen      total 272896K, used 0K [0x00000000eab00000, 0x00000000fc000000, 0x0000000100000000)
  eden space 262144K, 0% used [0x00000000eab00000,0x00000000eab00000,0x00000000fab00000)
  from space 10752K, 0% used [0x00000000fab00000,0x00000000fab00000,0x00000000fb580000)
  to   space 10752K, 0% used [0x00000000fb580000,0x00000000fb580000,0x00000000fc000000)
 ParOldGen       total 175104K, used 41329K [0x00000000c0000000, 0x00000000cab00000, 0x00000000eab00000)
  object space 175104K, 23% used [0x00000000c0000000,0x00000000c285c7e8,0x00000000cab00000)
 Metaspace       used 5720K, capacity 5918K, committed 6144K, reserved 1056768K
  class space    used 570K, capacity 673K, committed 768K, reserved 1048576K
}
Event: 1.407 GC heap before
{Heap before GC invocations=13 (full 5):
 PSYoungGen      total 272896K, used 262144K [0x00000000eab00000, 0x00000000fc000000, 0x0000000100000000)
  eden space 262144K, 100% used [0x00000000eab00000,0x00000000fab00000,0x00000000fab00000)
  from space 10752K, 0% used [0x00000000fab00000,0x00000000fab00000,0x00000000fb580000)
  to   space 10752K, 0% used [0x00000000fb580000,0x00000000fb580000,0x00000000fc000000)
 ParOldGen       total 175104K, used 41329K [0x00000000c0000000, 0x00000000cab00000, 0x00000000eab00000)
  object space 175104K, 23% used [0x00000000c0000000,0x00000000c285c7e8,0x00000000cab00000)
 Metaspace       used 5720K, capacity 5918K, committed 6144K, reserved 1056768K
  class space    used 570K, capacity 673K, committed 768K, reserved 1048576K
Event: 1.443 GC heap after
Heap after GC invocations=13 (full 5):
 PSYoungGen      total 272896K, used 10752K [0x00000000eab00000, 0x0000000100000000, 0x0000000100000000)
  eden space 262144K, 0% used [0x00000000eab00000,0x00000000eab00000,0x00000000fab00000)
  from space 10752K, 100% used [0x00000000fb580000,0x00000000fc000000,0x00000000fc000000)
  to   space 10752K, 0% used [0x00000000fab00000,0x00000000fab00000,0x00000000fb580000)
 ParOldGen       total 175104K, used 61929K [0x00000000c0000000, 0x00000000cab00000, 0x00000000eab00000)
  object space 175104K, 35% used [0x00000000c0000000,0x00000000c3c7a7e8,0x00000000cab00000)
 Metaspace       used 5720K, capacity 5918K, committed 6144K, reserved 1056768K
  class space    used 570K, capacity 673K, committed 768K, reserved 1048576K
}
Event: 1.466 GC heap before
{Heap before GC invocations=14 (full 5):
 PSYoungGen      total 272896K, used 32510K [0x00000000eab00000, 0x0000000100000000, 0x0000000100000000)
  eden space 262144K, 8% used [0x00000000eab00000,0x00000000ec03fad8,0x00000000fab00000)
  from space 10752K, 100% used [0x00000000fb580000,0x00000000fc000000,0x00000000fc000000)
  to   space 10752K, 0% used [0x00000000fab00000,0x00000000fab00000,0x00000000fb580000)
 ParOldGen       total 175104K, used 61929K [0x00000000c0000000, 0x00000000cab00000, 0x00000000eab00000)
  object space 175104K, 35% used [0x00000000c0000000,0x00000000c3c7a7e8,0x00000000cab00000)
 Metaspace       used 5720K, capacity 5918K, committed 6144K, reserved 1056768K
  class space    used 570K, capacity 673K, committed 768K, reserved 1048576K
Event: 1.481 GC heap after
Heap after GC invocations=14 (full 5):
 PSYoungGen      total 272896K, used 10752K [0x00000000eab00000, 0x0000000100000000, 0x0000000100000000)
  eden space 262144K, 0% used [0x00000000eab00000,0x00000000eab00000,0x00000000fab00000)
  from space 10752K, 100% used [0x00000000fab00000,0x00000000fb580000,0x00000000fb580000)
  to   space 10752K, 0% used [0x00000000ff580000,0x00000000ff580000,0x0000000100000000)
 ParOldGen       total 175104K, used 63977K [0x00000000c0000000, 0x00000000cab00000, 0x00000000eab00000)
  object space 175104K, 36% used [0x00000000c0000000,0x00000000c3e7a7e8,0x00000000cab00000)
 Metaspace       used 5720K, capacity 5918K, committed 6144K, reserved 1056768K
  class space    used 570K, capacity 673K, committed 768K, reserved 1048576K
}
Event: 1.481 GC heap before
{Heap before GC invocations=15 (full 6):
 PSYoungGen      total 272896K, used 10752K [0x00000000eab00000, 0x0000000100000000, 0x0000000100000000)
  eden space 262144K, 0% used [0x00000000eab00000,0x00000000eab00000,0x00000000fab00000)
  from space 10752K, 100% used [0x00000000fab00000,0x00000000fb580000,0x00000000fb580000)
  to   space 10752K, 0% used [0x00000000ff580000,0x00000000ff580000,0x0000000100000000)
 ParOldGen       total 175104K, used 63977K [0x00000000c0000000, 0x00000000cab00000, 0x00000000eab00000)
  object space 175104K, 36% used [0x00000000c0000000,0x00000000c3e7a7e8,0x00000000cab00000)
 Metaspace       used 5720K, capacity 5918K, committed 6144K, reserved 1056768K
  class space    used 570K, capacity 673K, committed 768K, reserved 1048576K
Event: 1.636 GC heap after
Heap after GC invocations=15 (full 6):
 PSYoungGen      total 272896K, used 0K [0x00000000eab00000, 0x0000000100000000, 0x0000000100000000)
  eden space 262144K, 0% used [0x00000000eab00000,0x00000000eab00000,0x00000000fab00000)
  from space 10752K, 0% used [0x00000000fab00000,0x00000000fab00000,0x00000000fb580000)
  to   space 10752K, 0% used [0x00000000ff580000,0x00000000ff580000,0x0000000100000000)
 ParOldGen       total 175104K, used 74554K [0x00000000c0000000, 0x00000000cab00000, 0x00000000eab00000)
  object space 175104K, 42% used [0x00000000c0000000,0x00000000c48cea90,0x00000000cab00000)
 Metaspace       used 5720K, capacity 5918K, committed 6144K, reserved 1056768K
  class space    used 570K, capacity 673K, committed 768K, reserved 1048576K
}
Event: 1.657 GC heap before
{Heap before GC invocations=16 (full 6):
 PSYoungGen      total 272896K, used 16595K [0x00000000eab00000, 0x0000000100000000, 0x0000000100000000)
  eden space 262144K, 6% used [0x00000000eab00000,0x00000000ebb34f70,0x00000000fab00000)
  from space 10752K, 0% used [0x00000000fab00000,0x00000000fab00000,0x00000000fb580000)
  to   space 10752K, 0% used [0x00000000ff580000,0x00000000ff580000,0x0000000100000000)
 ParOldGen       total 175104K, used 74554K [0x00000000c0000000, 0x00000000cab00000, 0x00000000eab00000)
  object space 175104K, 42% used [0x00000000c0000000,0x00000000c48cea90,0x00000000cab00000)
 Metaspace       used 5720K, capacity 5918K, committed 6144K, reserved 1056768K
  class space    used 570K, capacity 673K, committed 768K, reserved 1048576K
Event: 1.660 GC heap after
Heap after GC invocations=16 (full 6):
 PSYoungGen      total 338432K, used 1984K [0x00000000eab00000, 0x0000000100000000, 0x0000000100000000)
  eden space 327680K, 0% used [0x00000000eab00000,0x00000000eab00000,0x00000000feb00000)
  from space 10752K, 18% used [0x00000000ff580000,0x00000000ff770000,0x0000000100000000)
  to   space 10752K, 0% used [0x00000000feb00000,0x00000000feb00000,0x00000000ff580000)
 ParOldGen       total 175104K, used 74554K [0x00000000c0000000, 0x00000000cab00000, 0x00000000eab00000)
  object space 175104K, 42% used [0x00000000c0000000,0x00000000c48cea90,0x00000000cab00000)
 Metaspace       used 5720K, capacity 5918K, committed 6144K, reserved 1056768K
  class space    used 570K, capacity 673K, committed 768K, reserved 1048576K
}
Event: 1.660 GC heap before
{Heap before GC invocations=17 (full 7):
 PSYoungGen      total 338432K, used 1984K [0x00000000eab00000, 0x0000000100000000, 0x0000000100000000)
  eden space 327680K, 0% used [0x00000000eab00000,0x00000000eab00000,0x00000000feb00000)
  from space 10752K, 18% used [0x00000000ff580000,0x00000000ff770000,0x0000000100000000)
  to   space 10752K, 0% used [0x00000000feb00000,0x00000000feb00000,0x00000000ff580000)
 ParOldGen       total 175104K, used 74554K [0x00000000c0000000, 0x00000000cab00000, 0x00000000eab00000)
  object space 175104K, 42% used [0x00000000c0000000,0x00000000c48cea90,0x00000000cab00000)
 Metaspace       used 5720K, capacity 5918K, committed 6144K, reserved 1056768K
  class space    used 570K, capacity 673K, committed 768K, reserved 1048576K
Event: 1.728 GC heap after
Heap after GC invocations=17 (full 7):
 PSYoungGen      total 338432K, used 0K [0x00000000eab00000, 0x0000000100000000, 0x0000000100000000)
  eden space 327680K, 0% used [0x00000000eab00000,0x00000000eab00000,0x00000000feb00000)
  from space 10752K, 0% used [0x00000000ff580000,0x00000000ff580000,0x0000000100000000)
  to   space 10752K, 0% used [0x00000000feb00000,0x00000000feb00000,0x00000000ff580000)
 ParOldGen       total 175104K, used 76347K [0x00000000c0000000, 0x00000000cab00000, 0x00000000eab00000)
  object space 175104K, 43% used [0x00000000c0000000,0x00000000c4a8ed98,0x00000000cab00000)
 Metaspace       used 5720K, capacity 5918K, committed 6144K, reserved 1056768K
  class space    used 570K, capacity 673K, committed 768K, reserved 1048576K
}
Event: 2.253 GC heap before
{Heap before GC invocations=18 (full 7):
 PSYoungGen      total 338432K, used 327680K [0x00000000eab00000, 0x0000000100000000, 0x0000000100000000)
  eden space 327680K, 100% used [0x00000000eab00000,0x00000000feb00000,0x00000000feb00000)
  from space 10752K, 0% used [0x00000000ff580000,0x00000000ff580000,0x0000000100000000)
  to   space 10752K, 0% used [0x00000000feb00000,0x00000000feb00000,0x00000000ff580000)
 ParOldGen       total 175104K, used 76347K [0x00000000c0000000, 0x00000000cab00000, 0x00000000eab00000)
  object space 175104K, 43% used [0x00000000c0000000,0x00000000c4a8ed98,0x00000000cab00000)
 Metaspace       used 5879K, capacity 6110K, committed 6400K, reserved 1056768K
  class space    used 576K, capacity 673K, committed 768K, reserved 1048576K
Event: 2.280 GC heap after
Heap after GC invocations=18 (full 7):
 PSYoungGen      total 338432K, used 10750K [0x00000000eab00000, 0x0000000100000000, 0x0000000100000000)
  eden space 327680K, 0% used [0x00000000eab00000,0x00000000eab00000,0x00000000feb00000)
  from space 10752K, 99% used [0x00000000feb00000,0x00000000ff57fa28,0x00000000ff580000)
  to   space 10752K, 0% used [0x00000000ff580000,0x00000000ff580000,0x0000000100000000)
 ParOldGen       total 175104K, used 112637K [0x00000000c0000000, 0x00000000cab00000, 0x00000000eab00000)
  object space 175104K, 64% used [0x00000000c0000000,0x00000000c6dff748,0x00000000cab00000)
 Metaspace       used 5879K, capacity 6110K, committed 6400K, reserved 1056768K
  class space    used 576K, capacity 673K, committed 768K, reserved 1048576K
}
Event: 2.308 GC heap before
{Heap before GC invocations=19 (full 7):
 PSYoungGen      total 338432K, used 50581K [0x00000000eab00000, 0x0000000100000000, 0x0000000100000000)
  eden space 327680K, 12% used [0x00000000eab00000,0x00000000ed1e5c00,0x00000000feb00000)
  from space 10752K, 99% used [0x00000000feb00000,0x00000000ff57fa28,0x00000000ff580000)
  to   space 10752K, 0% used [0x00000000ff580000,0x00000000ff580000,0x0000000100000000)
 ParOldGen       total 175104K, used 112637K [0x00000000c0000000, 0x00000000cab00000, 0x00000000eab00000)
  object space 175104K, 64% used [0x00000000c0000000,0x00000000c6dff748,0x00000000cab00000)
 Metaspace       used 5882K, capacity 6110K, committed 6400K, reserved 1056768K
  class space    used 576K, capacity 673K, committed 768K, reserved 1048576K
Event: 2.315 GC heap after
Heap after GC invocations=19 (full 7):
 PSYoungGen      total 338432K, used 10750K [0x00000000eab00000, 0x0000000100000000, 0x0000000100000000)
  eden space 327680K, 0% used [0x00000000eab00000,0x00000000eab00000,0x00000000feb00000)
  from space 10752K, 99% used [0x00000000ff580000,0x00000000fffffa28,0x0000000100000000)
  to   space 10752K, 0% used [0x00000000feb00000,0x00000000feb00000,0x00000000ff580000)
 ParOldGen       total 175104K, used 116749K [0x00000000c0000000, 0x00000000cab00000, 0x00000000eab00000)
  object space 175104K, 66% used [0x00000000c0000000,0x00000000c7203748,0x00000000cab00000)
 Metaspace       used 5882K, capacity 6110K, committed 6400K, reserved 1056768K
  class space    used 576K, capacity 673K, committed 768K, reserved 1048576K
}
Event: 2.315 GC heap before
{Heap before GC invocations=20 (full 8):
 PSYoungGen      total 338432K, used 10750K [0x00000000eab00000, 0x0000000100000000, 0x0000000100000000)
  eden space 327680K, 0% used [0x00000000eab00000,0x00000000eab00000,0x00000000feb00000)
  from space 10752K, 99% used [0x00000000ff580000,0x00000000fffffa28,0x0000000100000000)
  to   space 10752K, 0% used [0x00000000feb00000,0x00000000feb00000,0x00000000ff580000)
 ParOldGen       total 175104K, used 116749K [0x00000000c0000000, 0x00000000cab00000, 0x00000000eab00000)
  object space 175104K, 66% used [0x00000000c0000000,0x00000000c7203748,0x00000000cab00000)
 Metaspace       used 5882K, capacity 6110K, committed 6400K, reserved 1056768K
  class space    used 576K, capacity 673K, committed 768K, reserved 1048576K
Event: 2.503 GC heap after
Heap after GC invocations=20 (full 8):
 PSYoungGen      total 338432K, used 0K [0x00000000eab00000, 0x0000000100000000, 0x0000000100000000)
  eden space 327680K, 0% used [0x00000000eab00000,0x00000000eab00000,0x00000000feb00000)
  from space 10752K, 0% used [0x00000000ff580000,0x00000000ff580000,0x0000000100000000)
  to   space 10752K, 0% used [0x00000000feb00000,0x00000000feb00000,0x00000000ff580000)
 ParOldGen       total 175104K, used 125189K [0x00000000c0000000, 0x00000000cab00000, 0x00000000eab00000)
  object space 175104K, 71% used [0x00000000c0000000,0x00000000c7a41518,0x00000000cab00000)
 Metaspace       used 5882K, capacity 6110K, committed 6400K, reserved 1056768K
  class space    used 576K, capacity 673K, committed 768K, reserved 1048576K
}
Event: 2.529 GC heap before
{Heap before GC invocations=21 (full 8):
 PSYoungGen      total 338432K, used 39830K [0x00000000eab00000, 0x0000000100000000, 0x0000000100000000)
  eden space 327680K, 12% used [0x00000000eab00000,0x00000000ed1e5b48,0x00000000feb00000)
  from space 10752K, 0% used [0x00000000ff580000,0x00000000ff580000,0x0000000100000000)
  to   space 10752K, 0% used [0x00000000feb00000,0x00000000feb00000,0x00000000ff580000)
 ParOldGen       total 175104K, used 125189K [0x00000000c0000000, 0x00000000cab00000, 0x00000000eab00000)
  object space 175104K, 71% used [0x00000000c0000000,0x00000000c7a41518,0x00000000cab00000)
 Metaspace       used 5884K, capacity 6110K, committed 6400K, reserved 1056768K
  class space    used 576K, capacity 673K, committed 768K, reserved 1048576K
Event: 2.533 GC heap after
Heap after GC invocations=21 (full 8):
 PSYoungGen      total 338432K, used 4736K [0x00000000eab00000, 0x0000000100000000, 0x0000000100000000)
  eden space 327680K, 0% used [0x00000000eab00000,0x00000000eab00000,0x00000000feb00000)
  from space 10752K, 44% used [0x00000000feb00000,0x00000000fefa0000,0x00000000ff580000)
  to   space 10752K, 0% used [0x00000000ff580000,0x00000000ff580000,0x0000000100000000)
 ParOldGen       total 175104K, used 125189K [0x00000000c0000000, 0x00000000cab00000, 0x00000000eab00000)
  object space 175104K, 71% used [0x00000000c0000000,0x00000000c7a41518,0x00000000cab00000)
 Metaspace       used 5884K, capacity 6110K, committed 6400K, reserved 1056768K
  class space    used 576K, capacity 673K, committed 768K, reserved 1048576K
}
Event: 2.533 GC heap before
{Heap before GC invocations=22 (full 9):
 PSYoungGen      total 338432K, used 4736K [0x00000000eab00000, 0x0000000100000000, 0x0000000100000000)
  eden space 327680K, 0% used [0x00000000eab00000,0x00000000eab00000,0x00000000feb00000)
  from space 10752K, 44% used [0x00000000feb00000,0x00000000fefa0000,0x00000000ff580000)
  to   space 10752K, 0% used [0x00000000ff580000,0x00000000ff580000,0x0000000100000000)
 ParOldGen       total 175104K, used 125189K [0x00000000c0000000, 0x00000000cab00000, 0x00000000eab00000)
  object space 175104K, 71% used [0x00000000c0000000,0x00000000c7a41518,0x00000000cab00000)
 Metaspace       used 5884K, capacity 6110K, committed 6400K, reserved 1056768K
  class space    used 576K, capacity 673K, committed 768K, reserved 1048576K
Event: 2.685 GC heap after
Heap after GC invocations=22 (full 9):
 PSYoungGen      total 338432K, used 0K [0x00000000eab00000, 0x0000000100000000, 0x0000000100000000)
  eden space 327680K, 0% used [0x00000000eab00000,0x00000000eab00000,0x00000000feb00000)
  from space 10752K, 0% used [0x00000000feb00000,0x00000000feb00000,0x00000000ff580000)
  to   space 10752K, 0% used [0x00000000ff580000,0x00000000ff580000,0x0000000100000000)
 ParOldGen       total 175104K, used 129754K [0x00000000c0000000, 0x00000000cab00000, 0x00000000eab00000)
  object space 175104K, 74% used [0x00000000c0000000,0x00000000c7eb6a80,0x00000000cab00000)
 Metaspace       used 5884K, capacity 6110K, committed 6400K, reserved 1056768K
  class space    used 576K, capacity 673K, committed 768K, reserved 1048576K
}
Event: 2.711 GC heap before
{Heap before GC invocations=23 (full 9):
 PSYoungGen      total 338432K, used 46319K [0x00000000eab00000, 0x0000000100000000, 0x0000000100000000)
  eden space 327680K, 14% used [0x00000000eab00000,0x00000000ed83bd40,0x00000000feb00000)
  from space 10752K, 0% used [0x00000000feb00000,0x00000000feb00000,0x00000000ff580000)
  to   space 10752K, 0% used [0x00000000ff580000,0x00000000ff580000,0x0000000100000000)
 ParOldGen       total 175104K, used 129754K [0x00000000c0000000, 0x00000000cab00000, 0x00000000eab00000)
  object space 175104K, 74% used [0x00000000c0000000,0x00000000c7eb6a80,0x00000000cab00000)
 Metaspace       used 5884K, capacity 6110K, committed 6400K, reserved 1056768K
  class space    used 576K, capacity 673K, committed 768K, reserved 1048576K
Event: 2.714 GC heap after
Heap after GC invocations=23 (full 9):
 PSYoungGen      total 338432K, used 5120K [0x00000000eab00000, 0x0000000100000000, 0x0000000100000000)
  eden space 327680K, 0% used [0x00000000eab00000,0x00000000eab00000,0x00000000feb00000)
  from space 10752K, 47% used [0x00000000ff580000,0x00000000ffa80000,0x0000000100000000)
  to   space 10752K, 0% used [0x00000000feb00000,0x00000000feb00000,0x00000000ff580000)
 ParOldGen       total 175104K, used 129754K [0x00000000c0000000, 0x00000000cab00000, 0x00000000eab00000)
  object space 175104K, 74% used [0x00000000c0000000,0x00000000c7eb6a80,0x00000000cab00000)
 Metaspace       used 5884K, capacity 6110K, committed 6400K, reserved 1056768K
  class space    used 576K, capacity 673K, committed 768K, reserved 1048576K
}
Event: 2.714 GC heap before
{Heap before GC invocations=24 (full 10):
 PSYoungGen      total 338432K, used 5120K [0x00000000eab00000, 0x0000000100000000, 0x0000000100000000)
  eden space 327680K, 0% used [0x00000000eab00000,0x00000000eab00000,0x00000000feb00000)
  from space 10752K, 47% used [0x00000000ff580000,0x00000000ffa80000,0x0000000100000000)
  to   space 10752K, 0% used [0x00000000feb00000,0x00000000feb00000,0x00000000ff580000)
 ParOldGen       total 175104K, used 129754K [0x00000000c0000000, 0x00000000cab00000, 0x00000000eab00000)
  object space 175104K, 74% used [0x00000000c0000000,0x00000000c7eb6a80,0x00000000cab00000)
 Metaspace       used 5884K, capacity 6110K, committed 6400K, reserved 1056768K
  class space    used 576K, capacity 673K, committed 768K, reserved 1048576K
Event: 2.821 GC heap after
Heap after GC invocations=24 (full 10):
 PSYoungGen      total 338432K, used 0K [0x00000000eab00000, 0x0000000100000000, 0x0000000100000000)
  eden space 327680K, 0% used [0x00000000eab00000,0x00000000eab00000,0x00000000feb00000)
  from space 10752K, 0% used [0x00000000ff580000,0x00000000ff580000,0x0000000100000000)
  to   space 10752K, 0% used [0x00000000feb00000,0x00000000feb00000,0x00000000ff580000)
 ParOldGen       total 175104K, used 134717K [0x00000000c0000000, 0x00000000cab00000, 0x00000000eab00000)
  object space 175104K, 76% used [0x00000000c0000000,0x00000000c838f520,0x00000000cab00000)
 Metaspace       used 5884K, capacity 6110K, committed 6400K, reserved 1056768K
  class space    used 576K, capacity 673K, committed 768K, reserved 1048576K
}
Event: 2.972 GC heap before
{Heap before GC invocations=25 (full 10):
 PSYoungGen      total 338432K, used 327680K [0x00000000eab00000, 0x0000000100000000, 0x0000000100000000)
  eden space 327680K, 100% used [0x00000000eab00000,0x00000000feb00000,0x00000000feb00000)
  from space 10752K, 0% used [0x00000000ff580000,0x00000000ff580000,0x0000000100000000)
  to   space 10752K, 0% used [0x00000000feb00000,0x00000000feb00000,0x00000000ff580000)
 ParOldGen       total 175104K, used 134717K [0x00000000c0000000, 0x00000000cab00000, 0x00000000eab00000)
  object space 175104K, 76% used [0x00000000c0000000,0x00000000c838f520,0x00000000cab00000)
 Metaspace       used 5920K, capacity 6174K, committed 6400K, reserved 1056768K
  class space    used 576K, capacity 673K, committed 768K, reserved 1048576K
Event: 2.996 GC heap after
Heap after GC invocations=25 (full 10):
 PSYoungGen      total 338432K, used 10752K [0x00000000eab00000, 0x0000000100000000, 0x0000000100000000)
  eden space 327680K, 0% used [0x00000000eab00000,0x00000000eab00000,0x00000000feb00000)
  from space 10752K, 100% used [0x00000000feb00000,0x00000000ff580000,0x00000000ff580000)
  to   space 10752K, 0% used [0x00000000ff580000,0x00000000ff580000,0x0000000100000000)
 ParOldGen       total 175104K, used 167317K [0x00000000c0000000, 0x00000000cab00000, 0x00000000eab00000)
  object space 175104K, 95% used [0x00000000c0000000,0x00000000ca365520,0x00000000cab00000)
 Metaspace       used 5920K, capacity 6174K, committed 6400K, reserved 1056768K
  class space    used 576K, capacity 673K, committed 768K, reserved 1048576K
}
Event: 2.996 GC heap before
{Heap before GC invocations=26 (full 11):
 PSYoungGen      total 338432K, used 10752K [0x00000000eab00000, 0x0000000100000000, 0x0000000100000000)
  eden space 327680K, 0% used [0x00000000eab00000,0x00000000eab00000,0x00000000feb00000)
  from space 10752K, 100% used [0x00000000feb00000,0x00000000ff580000,0x00000000ff580000)
  to   space 10752K, 0% used [0x00000000ff580000,0x00000000ff580000,0x0000000100000000)
 ParOldGen       total 175104K, used 167317K [0x00000000c0000000, 0x00000000cab00000, 0x00000000eab00000)
  object space 175104K, 95% used [0x00000000c0000000,0x00000000ca365520,0x00000000cab00000)
 Metaspace       used 5920K, capacity 6174K, committed 6400K, reserved 1056768K
  class space    used 576K, capacity 673K, committed 768K, reserved 1048576K
Event: 3.194 GC heap after
Heap after GC invocations=26 (full 11):
 PSYoungGen      total 338432K, used 3068K [0x00000000eab00000, 0x0000000100000000, 0x0000000100000000)
  eden space 327680K, 0% used [0x00000000eab00000,0x00000000eab00000,0x00000000feb00000)
  from space 10752K, 28% used [0x00000000feb00000,0x00000000fedff0d8,0x00000000ff580000)
  to   space 10752K, 0% used [0x00000000ff580000,0x00000000ff580000,0x0000000100000000)
 ParOldGen       total 331264K, used 174799K [0x00000000c0000000, 0x00000000d4380000, 0x00000000eab00000)
  object space 331264K, 52% used [0x00000000c0000000,0x00000000caab3ff0,0x00000000d4380000)
 Metaspace       used 5920K, capacity 6174K, committed 6400K, reserved 1056768K
  class space    used 576K, capacity 673K, committed 768K, reserved 1048576K
}
Event: 3.218 GC heap before
{Heap before GC invocations=27 (full 11):
 PSYoungGen      total 338432K, used 62198K [0x00000000eab00000, 0x0000000100000000, 0x0000000100000000)
  eden space 327680K, 18% used [0x00000000eab00000,0x00000000ee4be7e0,0x00000000feb00000)
  from space 10752K, 28% used [0x00000000feb00000,0x00000000fedff0d8,0x00000000ff580000)
  to   space 10752K, 0% used [0x00000000ff580000,0x00000000ff580000,0x0000000100000000)
 ParOldGen       total 331264K, used 174799K [0x00000000c0000000, 0x00000000d4380000, 0x00000000eab00000)
  object space 331264K, 52% used [0x00000000c0000000,0x00000000caab3ff0,0x00000000d4380000)
 Metaspace       used 5920K, capacity 6174K, committed 6400K, reserved 1056768K
  class space    used 576K, capacity 673K, committed 768K, reserved 1048576K
Event: 3.234 GC heap after
Heap after GC invocations=27 (full 11):
 PSYoungGen      total 270848K, used 10368K [0x00000000eab00000, 0x0000000100000000, 0x0000000100000000)
  eden space 260096K, 0% used [0x00000000eab00000,0x00000000eab00000,0x00000000fa900000)
  from space 10752K, 96% used [0x00000000ff580000,0x00000000fffa0000,0x0000000100000000)
  to   space 44544K, 0% used [0x00000000fa900000,0x00000000fa900000,0x00000000fd480000)
 ParOldGen       total 331264K, used 174799K [0x00000000c0000000, 0x00000000d4380000, 0x00000000eab00000)
  object space 331264K, 52% used [0x00000000c0000000,0x00000000caab3ff0,0x00000000d4380000)
 Metaspace       used 5920K, capacity 6174K, committed 6400K, reserved 1056768K
  class space    used 576K, capacity 673K, committed 768K, reserved 1048576K
}
Event: 3.234 GC heap before
{Heap before GC invocations=28 (full 12):
 PSYoungGen      total 270848K, used 10368K [0x00000000eab00000, 0x0000000100000000, 0x0000000100000000)
  eden space 260096K, 0% used [0x00000000eab00000,0x00000000eab00000,0x00000000fa900000)
  from space 10752K, 96% used [0x00000000ff580000,0x00000000fffa0000,0x0000000100000000)
  to   space 44544K, 0% used [0x00000000fa900000,0x00000000fa900000,0x00000000fd480000)
 ParOldGen       total 331264K, used 174799K [0x00000000c0000000, 0x00000000d4380000, 0x00000000eab00000)
  object space 331264K, 52% used [0x00000000c0000000,0x00000000caab3ff0,0x00000000d4380000)
 Metaspace       used 5920K, capacity 6174K, committed 6400K, reserved 1056768K
  class space    used 576K, capacity 673K, committed 768K, reserved 1048576K
Event: 3.345 GC heap after
Heap after GC invocations=28 (full 12):
 PSYoungGen      total 270848K, used 0K [0x00000000eab00000, 0x0000000100000000, 0x0000000100000000)
  eden space 260096K, 0% used [0x00000000eab00000,0x00000000eab00000,0x00000000fa900000)
  from space 10752K, 0% used [0x00000000ff580000,0x00000000ff580000,0x0000000100000000)
  to   space 44544K, 0% used [0x00000000fa900000,0x00000000fa900000,0x00000000fd480000)
 ParOldGen       total 331264K, used 185020K [0x00000000c0000000, 0x00000000d4380000, 0x00000000eab00000)
  object space 331264K, 55% used [0x00000000c0000000,0x00000000cb4af280,0x00000000d4380000)
 Metaspace       used 5920K, capacity 6174K, committed 6400K, reserved 1056768K
  class space    used 576K, capacity 673K, committed 768K, reserved 1048576K
}
Event: 3.374 GC heap before
{Heap before GC invocations=29 (full 12):
 PSYoungGen      total 270848K, used 62424K [0x00000000eab00000, 0x0000000100000000, 0x0000000100000000)
  eden space 260096K, 24% used [0x00000000eab00000,0x00000000ee7f6300,0x00000000fa900000)
  from space 10752K, 0% used [0x00000000ff580000,0x00000000ff580000,0x0000000100000000)
  to   space 44544K, 0% used [0x00000000fa900000,0x00000000fa900000,0x00000000fd480000)
 ParOldGen       total 331264K, used 185020K [0x00000000c0000000, 0x00000000d4380000, 0x00000000eab00000)
  object space 331264K, 55% used [0x00000000c0000000,0x00000000cb4af280,0x00000000d4380000)
 Metaspace       used 5920K, capacity 6174K, committed 6400K, reserved 1056768K
  class space    used 576K, capacity 673K, committed 768K, reserved 1048576K
Event: 3.379 GC heap after
Heap after GC invocations=29 (full 12):
 PSYoungGen      total 304640K, used 7968K [0x00000000eab00000, 0x0000000100000000, 0x0000000100000000)
  eden space 260096K, 0% used [0x00000000eab00000,0x00000000eab00000,0x00000000fa900000)
  from space 44544K, 17% used [0x00000000fa900000,0x00000000fb0c8000,0x00000000fd480000)
  to   space 43008K, 0% used [0x00000000fd600000,0x00000000fd600000,0x0000000100000000)
 ParOldGen       total 331264K, used 185020K [0x00000000c0000000, 0x00000000d4380000, 0x00000000eab00000)
  object space 331264K, 55% used [0x00000000c0000000,0x00000000cb4af280,0x00000000d4380000)
 Metaspace       used 5920K, capacity 6174K, committed 6400K, reserved 1056768K
  class space    used 576K, capacity 673K, committed 768K, reserved 1048576K
}
Event: 3.379 GC heap before
{Heap before GC invocations=30 (full 13):
 PSYoungGen      total 304640K, used 7968K [0x00000000eab00000, 0x0000000100000000, 0x0000000100000000)
  eden space 260096K, 0% used [0x00000000eab00000,0x00000000eab00000,0x00000000fa900000)
  from space 44544K, 17% used [0x00000000fa900000,0x00000000fb0c8000,0x00000000fd480000)
  to   space 43008K, 0% used [0x00000000fd600000,0x00000000fd600000,0x0000000100000000)
 ParOldGen       total 331264K, used 185020K [0x00000000c0000000, 0x00000000d4380000, 0x00000000eab00000)
  object space 331264K, 55% used [0x00000000c0000000,0x00000000cb4af280,0x00000000d4380000)
 Metaspace       used 5920K, capacity 6174K, committed 6400K, reserved 1056768K
  class space    used 576K, capacity 673K, committed 768K, reserved 1048576K
Event: 3.487 GC heap after
Heap after GC invocations=30 (full 13):
 PSYoungGen      total 304640K, used 0K [0x00000000eab00000, 0x0000000100000000, 0x0000000100000000)
  eden space 260096K, 0% used [0x00000000eab00000,0x00000000eab00000,0x00000000fa900000)
  from space 44544K, 0% used [0x00000000fa900000,0x00000000fa900000,0x00000000fd480000)
  to   space 43008K, 0% used [0x00000000fd600000,0x00000000fd600000,0x0000000100000000)
 ParOldGen       total 331264K, used 192814K [0x00000000c0000000, 0x00000000d4380000, 0x00000000eab00000)
  object space 331264K, 58% used [0x00000000c0000000,0x00000000cbc4b9b8,0x00000000d4380000)
 Metaspace       used 5920K, capacity 6174K, committed 6400K, reserved 1056768K
  class space    used 576K, capacity 673K, committed 768K, reserved 1048576K
}
Event: 3.513 GC heap before
{Heap before GC invocations=31 (full 13):
 PSYoungGen      total 304640K, used 36608K [0x00000000eab00000, 0x0000000100000000, 0x0000000100000000)
  eden space 260096K, 14% used [0x00000000eab00000,0x00000000ecec0098,0x00000000fa900000)
  from space 44544K, 0% used [0x00000000fa900000,0x00000000fa900000,0x00000000fd480000)
  to   space 43008K, 0% used [0x00000000fd600000,0x00000000fd600000,0x0000000100000000)
 ParOldGen       total 331264K, used 192814K [0x00000000c0000000, 0x00000000d4380000, 0x00000000eab00000)
  object space 331264K, 58% used [0x00000000c0000000,0x00000000cbc4b9b8,0x00000000d4380000)
 Metaspace       used 5922K, capacity 6174K, committed 6400K, reserved 1056768K
  class space    used 576K, capacity 673K, committed 768K, reserved 1048576K
Event: 3.515 GC heap after
Heap after GC invocations=31 (full 13):
 PSYoungGen      total 307200K, used 3552K [0x00000000eab00000, 0x0000000100000000, 0x0000000100000000)
  eden space 264192K, 0% used [0x00000000eab00000,0x00000000eab00000,0x00000000fad00000)
  from space 43008K, 8% used [0x00000000fd600000,0x00000000fd978000,0x0000000100000000)
  to   space 41984K, 0% used [0x00000000fad00000,0x00000000fad00000,0x00000000fd600000)
 ParOldGen       total 331264K, used 192814K [0x00000000c0000000, 0x00000000d4380000, 0x00000000eab00000)
  object space 331264K, 58% used [0x00000000c0000000,0x00000000cbc4b9b8,0x00000000d4380000)
 Metaspace       used 5922K, capacity 6174K, committed 6400K, reserved 1056768K
  class space    used 576K, capacity 673K, committed 768K, reserved 1048576K
}
Event: 3.515 GC heap before
{Heap before GC invocations=32 (full 14):
 PSYoungGen      total 307200K, used 3552K [0x00000000eab00000, 0x0000000100000000, 0x0000000100000000)
  eden space 264192K, 0% used [0x00000000eab00000,0x00000000eab00000,0x00000000fad00000)
  from space 43008K, 8% used [0x00000000fd600000,0x00000000fd978000,0x0000000100000000)
  to   space 41984K, 0% used [0x00000000fad00000,0x00000000fad00000,0x00000000fd600000)
 ParOldGen       total 331264K, used 192814K [0x00000000c0000000, 0x00000000d4380000, 0x00000000eab00000)
  object space 331264K, 58% used [0x00000000c0000000,0x00000000cbc4b9b8,0x00000000d4380000)
 Metaspace       used 5922K, capacity 6174K, committed 6400K, reserved 1056768K
  class space    used 576K, capacity 673K, committed 768K, reserved 1048576K
Event: 3.721 GC heap after
Heap after GC invocations=32 (full 14):
 PSYoungGen      total 307200K, used 0K [0x00000000eab00000, 0x0000000100000000, 0x0000000100000000)
  eden space 264192K, 0% used [0x00000000eab00000,0x00000000eab00000,0x00000000fad00000)
  from space 43008K, 0% used [0x00000000fd600000,0x00000000fd600000,0x0000000100000000)
  to   space 41984K, 0% used [0x00000000fad00000,0x00000000fad00000,0x00000000fd600000)
 ParOldGen       total 331264K, used 196219K [0x00000000c0000000, 0x00000000d4380000, 0x00000000eab00000)
  object space 331264K, 59% used [0x00000000c0000000,0x00000000cbf9ed70,0x00000000d4380000)
 Metaspace       used 5922K, capacity 6174K, committed 6400K, reserved 1056768K
  class space    used 576K, capacity 673K, committed 768K, reserved 1048576K
}
Event: 3.751 GC heap before
{Heap before GC invocations=33 (full 14):
 PSYoungGen      total 307200K, used 52918K [0x00000000eab00000, 0x0000000100000000, 0x0000000100000000)
  eden space 264192K, 20% used [0x00000000eab00000,0x00000000edead988,0x00000000fad00000)
  from space 43008K, 0% used [0x00000000fd600000,0x00000000fd600000,0x0000000100000000)
  to   space 41984K, 0% used [0x00000000fad00000,0x00000000fad00000,0x00000000fd600000)
 ParOldGen       total 331264K, used 196219K [0x00000000c0000000, 0x00000000d4380000, 0x00000000eab00000)
  object space 331264K, 59% used [0x00000000c0000000,0x00000000cbf9ed70,0x00000000d4380000)
 Metaspace       used 5922K, capacity 6174K, committed 6400K, reserved 1056768K
  class space    used 576K, capacity 673K, committed 768K, reserved 1048576K
Event: 3.755 GC heap after
Heap after GC invocations=33 (full 14):
 PSYoungGen      total 306176K, used 4864K [0x00000000eab00000, 0x0000000100000000, 0x0000000100000000)
  eden space 264192K, 0% used [0x00000000eab00000,0x00000000eab00000,0x00000000fad00000)
  from space 41984K, 11% used [0x00000000fad00000,0x00000000fb1c0010,0x00000000fd600000)
  to   space 40448K, 0% used [0x00000000fd880000,0x00000000fd880000,0x0000000100000000)
 ParOldGen       total 331264K, used 196219K [0x00000000c0000000, 0x00000000d4380000, 0x00000000eab00000)
  object space 331264K, 59% used [0x00000000c0000000,0x00000000cbf9ed70,0x00000000d4380000)
 Metaspace       used 5922K, capacity 6174K, committed 6400K, reserved 1056768K
  class space    used 576K, capacity 673K, committed 768K, reserved 1048576K
}
Event: 3.755 GC heap before
{Heap before GC invocations=34 (full 15):
 PSYoungGen      total 306176K, used 4864K [0x00000000eab00000, 0x0000000100000000, 0x0000000100000000)
  eden space 264192K, 0% used [0x00000000eab00000,0x00000000eab00000,0x00000000fad00000)
  from space 41984K, 11% used [0x00000000fad00000,0x00000000fb1c0010,0x00000000fd600000)
  to   space 40448K, 0% used [0x00000000fd880000,0x00000000fd880000,0x0000000100000000)
 ParOldGen       total 331264K, used 196219K [0x00000000c0000000, 0x00000000d4380000, 0x00000000eab00000)
  object space 331264K, 59% used [0x00000000c0000000,0x00000000cbf9ed70,0x00000000d4380000)
 Metaspace       used 5922K, capacity 6174K, committed 6400K, reserved 1056768K
  class space    used 576K, capacity 673K, committed 768K, reserved 1048576K
Event: 3.871 GC heap after
Heap after GC invocations=34 (full 15):
 PSYoungGen      total 306176K, used 0K [0x00000000eab00000, 0x0000000100000000, 0x0000000100000000)
  eden space 264192K, 0% used [0x00000000eab00000,0x00000000eab00000,0x00000000fad00000)
  from space 41984K, 0% used [0x00000000fad00000,0x00000000fad00000,0x00000000fd600000)
  to   space 40448K, 0% used [0x00000000fd880000,0x00000000fd880000,0x0000000100000000)
 ParOldGen       total 331264K, used 200927K [0x00000000c0000000, 0x00000000d4380000, 0x00000000eab00000)
  object space 331264K, 60% used [0x00000000c0000000,0x00000000cc437db0,0x00000000d4380000)
 Metaspace       used 5922K, capacity 6174K, committed 6400K, reserved 1056768K
  class space    used 576K, capacity 673K, committed 768K, reserved 1048576K
}
Event: 4.037 GC heap before
{Heap before GC invocations=35 (full 15):
 PSYoungGen      total 306176K, used 264192K [0x00000000eab00000, 0x0000000100000000, 0x0000000100000000)
  eden space 264192K, 100% used [0x00000000eab00000,0x00000000fad00000,0x00000000fad00000)
  from space 41984K, 0% used [0x00000000fad00000,0x00000000fad00000,0x00000000fd600000)
  to   space 40448K, 0% used [0x00000000fd880000,0x00000000fd880000,0x0000000100000000)
 ParOldGen       total 331264K, used 200927K [0x00000000c0000000, 0x00000000d4380000, 0x00000000eab00000)
  object space 331264K, 60% used [0x00000000c0000000,0x00000000cc437db0,0x00000000d4380000)
 Metaspace       used 5931K, capacity 6174K, committed 6400K, reserved 1056768K
  class space    used 576K, capacity 673K, committed 768K, reserved 1048576K
Event: 4.058 GC heap after
Heap after GC invocations=35 (full 15):
 PSYoungGen      total 299520K, used 31760K [0x00000000eab00000, 0x0000000100000000, 0x0000000100000000)
  eden space 259072K, 0% used [0x00000000eab00000,0x00000000eab00000,0x00000000fa800000)
  from space 40448K, 78% used [0x00000000fd880000,0x00000000ff784020,0x0000000100000000)
  to   space 45056K, 0% used [0x00000000fa800000,0x00000000fa800000,0x00000000fd400000)
 ParOldGen       total 331264K, used 200927K [0x00000000c0000000, 0x00000000d4380000, 0x00000000eab00000)
  object space 331264K, 60% used [0x00000000c0000000,0x00000000cc437db0,0x00000000d4380000)
 Metaspace       used 5931K, capacity 6174K, committed 6400K, reserved 1056768K
  class space    used 576K, capacity 673K, committed 768K, reserved 1048576K
}
Event: 4.091 GC heap before
{Heap before GC invocations=36 (full 15):
 PSYoungGen      total 299520K, used 99095K [0x00000000eab00000, 0x0000000100000000, 0x0000000100000000)
  eden space 259072K, 25% used [0x00000000eab00000,0x00000000eecc1dd0,0x00000000fa800000)
  from space 40448K, 78% used [0x00000000fd880000,0x00000000ff784020,0x0000000100000000)
  to   space 45056K, 0% used [0x00000000fa800000,0x00000000fa800000,0x00000000fd400000)
 ParOldGen       total 331264K, used 200927K [0x00000000c0000000, 0x00000000d4380000, 0x00000000eab00000)
  object space 331264K, 60% used [0x00000000c0000000,0x00000000cc437db0,0x00000000d4380000)
 Metaspace       used 5931K, capacity 6174K, committed 6400K, reserved 1056768K
  class space    used 576K, capacity 673K, committed 768K, reserved 1048576K
Event: 4.111 GC heap after
Heap after GC invocations=36 (full 15):
 PSYoungGen      total 299008K, used 39792K [0x00000000eab00000, 0x0000000100000000, 0x0000000100000000)
  eden space 259072K, 0% used [0x00000000eab00000,0x00000000eab00000,0x00000000fa800000)
  from space 39936K, 99% used [0x00000000fa800000,0x00000000fcedc020,0x00000000fcf00000)
  to   space 50176K, 0% used [0x00000000fcf00000,0x00000000fcf00000,0x0000000100000000)
 ParOldGen       total 331264K, used 200927K [0x00000000c0000000, 0x00000000d4380000, 0x00000000eab00000)
  object space 331264K, 60% used [0x00000000c0000000,0x00000000cc437db0,0x00000000d4380000)
 Metaspace       used 5931K, capacity 6174K, committed 6400K, reserved 1056768K
  class space    used 576K, capacity 673K, committed 768K, reserved 1048576K
}
Event: 4.111 GC heap before
{Heap before GC invocations=37 (full 16):
 PSYoungGen      total 299008K, used 39792K [0x00000000eab00000, 0x0000000100000000, 0x0000000100000000)
  eden space 259072K, 0% used [0x00000000eab00000,0x00000000eab00000,0x00000000fa800000)
  from space 39936K, 99% used [0x00000000fa800000,0x00000000fcedc020,0x00000000fcf00000)
  to   space 50176K, 0% used [0x00000000fcf00000,0x00000000fcf00000,0x0000000100000000)
 ParOldGen       total 331264K, used 200927K [0x00000000c0000000, 0x00000000d4380000, 0x00000000eab00000)
  object space 331264K, 60% used [0x00000000c0000000,0x00000000cc437db0,0x00000000d4380000)
 Metaspace       used 5931K, capacity 6174K, committed 6400K, reserved 1056768K
  class space    used 576K, capacity 673K, committed 768K, reserved 1048576K
Event: 4.366 GC heap after
Heap after GC invocations=37 (full 16):
 PSYoungGen      total 299008K, used 0K [0x00000000eab00000, 0x0000000100000000, 0x0000000100000000)
  eden space 259072K, 0% used [0x00000000eab00000,0x00000000eab00000,0x00000000fa800000)
  from space 39936K, 0% used [0x00000000fa800000,0x00000000fa800000,0x00000000fcf00000)
  to   space 50176K, 0% used [0x00000000fcf00000,0x00000000fcf00000,0x0000000100000000)
 ParOldGen       total 331264K, used 240467K [0x00000000c0000000, 0x00000000d4380000, 0x00000000eab00000)
  object space 331264K, 72% used [0x00000000c0000000,0x00000000cead4c10,0x00000000d4380000)
 Metaspace       used 5931K, capacity 6174K, committed 6400K, reserved 1056768K
  class space    used 576K, capacity 673K, committed 768K, reserved 1048576K
}
Event: 4.396 GC heap before
{Heap before GC invocations=38 (full 16):
 PSYoungGen      total 299008K, used 67335K [0x00000000eab00000, 0x0000000100000000, 0x0000000100000000)
  eden space 259072K, 25% used [0x00000000eab00000,0x00000000eecc1c40,0x00000000fa800000)
  from space 39936K, 0% used [0x00000000fa800000,0x00000000fa800000,0x00000000fcf00000)
  to   space 50176K, 0% used [0x00000000fcf00000,0x00000000fcf00000,0x0000000100000000)
 ParOldGen       total 331264K, used 240467K [0x00000000c0000000, 0x00000000d4380000, 0x00000000eab00000)
  object space 331264K, 72% used [0x00000000c0000000,0x00000000cead4c10,0x00000000d4380000)
 Metaspace       used 5931K, capacity 6174K, committed 6400K, reserved 1056768K
  class space    used 576K, capacity 673K, committed 768K, reserved 1048576K
Event: 4.402 GC heap after
Heap after GC invocations=38 (full 16):
 PSYoungGen      total 300032K, used 8416K [0x00000000eab00000, 0x0000000100000000, 0x0000000100000000)
  eden space 249856K, 0% used [0x00000000eab00000,0x00000000eab00000,0x00000000f9f00000)
  from space 50176K, 16% used [0x00000000fcf00000,0x00000000fd738000,0x0000000100000000)
  to   space 49152K, 0% used [0x00000000f9f00000,0x00000000f9f00000,0x00000000fcf00000)
 ParOldGen       total 331264K, used 240467K [0x00000000c0000000, 0x00000000d4380000, 0x00000000eab00000)
  object space 331264K, 72% used [0x00000000c0000000,0x00000000cead4c10,0x00000000d4380000)
 Metaspace       used 5931K, capacity 6174K, committed 6400K, reserved 1056768K
  class space    used 576K, capacity 673K, committed 768K, reserved 1048576K
}
Event: 4.402 GC heap before
{Heap before GC invocations=39 (full 17):
 PSYoungGen      total 300032K, used 8416K [0x00000000eab00000, 0x0000000100000000, 0x0000000100000000)
  eden space 249856K, 0% used [0x00000000eab00000,0x00000000eab00000,0x00000000f9f00000)
  from space 50176K, 16% used [0x00000000fcf00000,0x00000000fd738000,0x0000000100000000)
  to   space 49152K, 0% used [0x00000000f9f00000,0x00000000f9f00000,0x00000000fcf00000)
 ParOldGen       total 331264K, used 240467K [0x00000000c0000000, 0x00000000d4380000, 0x00000000eab00000)
  object space 331264K, 72% used [0x00000000c0000000,0x00000000cead4c10,0x00000000d4380000)
 Metaspace       used 5931K, capacity 6174K, committed 6400K, reserved 1056768K
  class space    used 576K, capacity 673K, committed 768K, reserved 1048576K
Event: 4.646 GC heap after
Heap after GC invocations=39 (full 17):
 PSYoungGen      total 300032K, used 0K [0x00000000eab00000, 0x0000000100000000, 0x0000000100000000)
  eden space 249856K, 0% used [0x00000000eab00000,0x00000000eab00000,0x00000000f9f00000)
  from space 50176K, 0% used [0x00000000fcf00000,0x00000000fcf00000,0x0000000100000000)
  to   space 49152K, 0% used [0x00000000f9f00000,0x00000000f9f00000,0x00000000fcf00000)
 ParOldGen       total 331264K, used 248686K [0x00000000c0000000, 0x00000000d4380000, 0x00000000eab00000)
  object space 331264K, 75% used [0x00000000c0000000,0x00000000cf2dba80,0x00000000d4380000)
 Metaspace       used 5931K, capacity 6174K, committed 6400K, reserved 1056768K
  class space    used 576K, capacity 673K, committed 768K, reserved 1048576K
}
Event: 4.754 GC heap before
{Heap before GC invocations=40 (full 17):
 PSYoungGen      total 300032K, used 249856K [0x00000000eab00000, 0x0000000100000000, 0x0000000100000000)
  eden space 249856K, 100% used [0x00000000eab00000,0x00000000f9f00000,0x00000000f9f00000)
  from space 50176K, 0% used [0x00000000fcf00000,0x00000000fcf00000,0x0000000100000000)
  to   space 49152K, 0% used [0x00000000f9f00000,0x00000000f9f00000,0x00000000fcf00000)
 ParOldGen       total 331264K, used 248686K [0x00000000c0000000, 0x00000000d4380000, 0x00000000eab00000)
  object space 331264K, 75% used [0x00000000c0000000,0x00000000cf2dba80,0x00000000d4380000)
 Metaspace       used 5931K, capacity 6174K, committed 6400K, reserved 1056768K
  class space    used 576K, capacity 673K, committed 768K, reserved 1048576K
Event: 4.772 GC heap after
Heap after GC invocations=40 (full 17):
 PSYoungGen      total 283136K, used 33024K [0x00000000eab00000, 0x0000000100000000, 0x0000000100000000)
  eden space 249856K, 0% used [0x00000000eab00000,0x00000000eab00000,0x00000000f9f00000)
  from space 33280K, 99% used [0x00000000f9f00000,0x00000000fbf40010,0x00000000fbf80000)
  to   space 52224K, 0% used [0x00000000fcd00000,0x00000000fcd00000,0x0000000100000000)
 ParOldGen       total 331264K, used 248686K [0x00000000c0000000, 0x00000000d4380000, 0x00000000eab00000)
  object space 331264K, 75% used [0x00000000c0000000,0x00000000cf2dba80,0x00000000d4380000)
 Metaspace       used 5931K, capacity 6174K, committed 6400K, reserved 1056768K
  class space    used 576K, capacity 673K, committed 768K, reserved 1048576K
}
Event: 4.806 GC heap before
{Heap before GC invocations=41 (full 17):
 PSYoungGen      total 283136K, used 102925K [0x00000000eab00000, 0x0000000100000000, 0x0000000100000000)
  eden space 249856K, 27% used [0x00000000eab00000,0x00000000eef43528,0x00000000f9f00000)
  from space 33280K, 99% used [0x00000000f9f00000,0x00000000fbf40010,0x00000000fbf80000)
  to   space 52224K, 0% used [0x00000000fcd00000,0x00000000fcd00000,0x0000000100000000)
 ParOldGen       total 331264K, used 248686K [0x00000000c0000000, 0x00000000d4380000, 0x00000000eab00000)
  object space 331264K, 75% used [0x00000000c0000000,0x00000000cf2dba80,0x00000000d4380000)
 Metaspace       used 5931K, capacity 6174K, committed 6400K, reserved 1056768K
  class space    used 576K, capacity 673K, committed 768K, reserved 1048576K
Event: 4.832 GC heap after
Heap after GC invocations=41 (full 17):
 PSYoungGen      total 285696K, used 41984K [0x00000000eab00000, 0x0000000100000000, 0x0000000100000000)
  eden space 233472K, 0% used [0x00000000eab00000,0x00000000eab00000,0x00000000f8f00000)
  from space 52224K, 80% used [0x00000000fcd00000,0x00000000ff600010,0x0000000100000000)
  to   space 57856K, 0% used [0x00000000f8f00000,0x00000000f8f00000,0x00000000fc780000)
 ParOldGen       total 331264K, used 248686K [0x00000000c0000000, 0x00000000d4380000, 0x00000000eab00000)
  object space 331264K, 75% used [0x00000000c0000000,0x00000000cf2dba80,0x00000000d4380000)
 Metaspace       used 5931K, capacity 6174K, committed 6400K, reserved 1056768K
  class space    used 576K, capacity 673K, committed 768K, reserved 1048576K
}
Event: 4.832 GC heap before
{Heap before GC invocations=42 (full 18):
 PSYoungGen      total 285696K, used 41984K [0x00000000eab00000, 0x0000000100000000, 0x0000000100000000)
  eden space 233472K, 0% used [0x00000000eab00000,0x00000000eab00000,0x00000000f8f00000)
  from space 52224K, 80% used [0x00000000fcd00000,0x00000000ff600010,0x0000000100000000)
  to   space 57856K, 0% used [0x00000000f8f00000,0x00000000f8f00000,0x00000000fc780000)
 ParOldGen       total 331264K, used 248686K [0x00000000c0000000, 0x00000000d4380000, 0x00000000eab00000)
  object space 331264K, 75% used [0x00000000c0000000,0x00000000cf2dba80,0x00000000d4380000)
 Metaspace       used 5931K, capacity 6174K, committed 6400K, reserved 1056768K
  class space    used 576K, capacity 673K, committed 768K, reserved 1048576K
Event: 5.005 GC heap after
Heap after GC invocations=42 (full 18):
 PSYoungGen      total 285696K, used 0K [0x00000000eab00000, 0x0000000100000000, 0x0000000100000000)
  eden space 233472K, 0% used [0x00000000eab00000,0x00000000eab00000,0x00000000f8f00000)
  from space 52224K, 0% used [0x00000000fcd00000,0x00000000fcd00000,0x0000000100000000)
  to   space 57856K, 0% used [0x00000000f8f00000,0x00000000f8f00000,0x00000000fc780000)
 ParOldGen       total 331264K, used 290397K [0x00000000c0000000, 0x00000000d4380000, 0x00000000eab00000)
  object space 331264K, 87% used [0x00000000c0000000,0x00000000d1b97650,0x00000000d4380000)
 Metaspace       used 5931K, capacity 6174K, committed 6400K, reserved 1056768K
  class space    used 576K, capacity 673K, committed 768K, reserved 1048576K
}
Event: 5.030 GC heap before
{Heap before GC invocations=43 (full 18):
 PSYoungGen      total 285696K, used 60664K [0x00000000eab00000, 0x0000000100000000, 0x0000000100000000)
  eden space 233472K, 25% used [0x00000000eab00000,0x00000000ee63e278,0x00000000f8f00000)
  from space 52224K, 0% used [0x00000000fcd00000,0x00000000fcd00000,0x0000000100000000)
  to   space 57856K, 0% used [0x00000000f8f00000,0x00000000f8f00000,0x00000000fc780000)
 ParOldGen       total 331264K, used 290397K [0x00000000c0000000, 0x00000000d4380000, 0x00000000eab00000)
  object space 331264K, 87% used [0x00000000c0000000,0x00000000d1b97650,0x00000000d4380000)
 Metaspace       used 5933K, capacity 6174K, committed 6400K, reserved 1056768K
  class space    used 576K, capacity 673K, committed 768K, reserved 1048576K
Event: 5.034 GC heap after
Heap after GC invocations=43 (full 18):
 PSYoungGen      total 291328K, used 7584K [0x00000000eab00000, 0x0000000100000000, 0x0000000100000000)
  eden space 233472K, 0% used [0x00000000eab00000,0x00000000eab00000,0x00000000f8f00000)
  from space 57856K, 13% used [0x00000000f8f00000,0x00000000f9668000,0x00000000fc780000)
  to   space 56320K, 0% used [0x00000000fc900000,0x00000000fc900000,0x0000000100000000)
 ParOldGen       total 331264K, used 290397K [0x00000000c0000000, 0x00000000d4380000, 0x00000000eab00000)
  object space 331264K, 87% used [0x00000000c0000000,0x00000000d1b97650,0x00000000d4380000)
 Metaspace       used 5933K, capacity 6174K, committed 6400K, reserved 1056768K
  class space    used 576K, capacity 673K, committed 768K, reserved 1048576K
}
Event: 5.034 GC heap before
{Heap before GC invocations=44 (full 19):
 PSYoungGen      total 291328K, used 7584K [0x00000000eab00000, 0x0000000100000000, 0x0000000100000000)
  eden space 233472K, 0% used [0x00000000eab00000,0x00000000eab00000,0x00000000f8f00000)
  from space 57856K, 13% used [0x00000000f8f00000,0x00000000f9668000,0x00000000fc780000)
  to   space 56320K, 0% used [0x00000000fc900000,0x00000000fc900000,0x0000000100000000)
 ParOldGen       total 331264K, used 290397K [0x00000000c0000000, 0x00000000d4380000, 0x00000000eab00000)
  object space 331264K, 87% used [0x00000000c0000000,0x00000000d1b97650,0x00000000d4380000)
 Metaspace       used 5933K, capacity 6174K, committed 6400K, reserved 1056768K
  class space    used 576K, capacity 673K, committed 768K, reserved 1048576K
Event: 5.166 GC heap after
Heap after GC invocations=44 (full 19):
 PSYoungGen      total 291328K, used 0K [0x00000000eab00000, 0x0000000100000000, 0x0000000100000000)
  eden space 233472K, 0% used [0x00000000eab00000,0x00000000eab00000,0x00000000f8f00000)
  from space 57856K, 0% used [0x00000000f8f00000,0x00000000f8f00000,0x00000000fc780000)
  to   space 56320K, 0% used [0x00000000fc900000,0x00000000fc900000,0x0000000100000000)
 ParOldGen       total 331264K, used 297794K [0x00000000c0000000, 0x00000000d4380000, 0x00000000eab00000)
  object space 331264K, 89% used [0x00000000c0000000,0x00000000d22d09f8,0x00000000d4380000)
 Metaspace       used 5933K, capacity 6174K, committed 6400K, reserved 1056768K
  class space    used 576K, capacity 673K, committed 768K, reserved 1048576K
}
Event: 5.264 GC heap before
{Heap before GC invocations=45 (full 19):
 PSYoungGen      total 291328K, used 233472K [0x00000000eab00000, 0x0000000100000000, 0x0000000100000000)
  eden space 233472K, 100% used [0x00000000eab00000,0x00000000f8f00000,0x00000000f8f00000)
  from space 57856K, 0% used [0x00000000f8f00000,0x00000000f8f00000,0x00000000fc780000)
  to   space 56320K, 0% used [0x00000000fc900000,0x00000000fc900000,0x0000000100000000)
 ParOldGen       total 331264K, used 297794K [0x00000000c0000000, 0x00000000d4380000, 0x00000000eab00000)
  object space 331264K, 89% used [0x00000000c0000000,0x00000000d22d09f8,0x00000000d4380000)
 Metaspace       used 5933K, capacity 6174K, committed 6400K, reserved 1056768K
  class space    used 576K, capacity 673K, committed 768K, reserved 1048576K
Event: 5.281 GC heap after
Heap after GC invocations=45 (full 19):
 PSYoungGen      total 289792K, used 29344K [0x00000000eab00000, 0x00000000ffe80000, 0x0000000100000000)
  eden space 235008K, 0% used [0x00000000eab00000,0x00000000eab00000,0x00000000f9080000)
  from space 54784K, 53% used [0x00000000fc900000,0x00000000fe5a8010,0x00000000ffe80000)
  to   space 56320K, 0% used [0x00000000f9080000,0x00000000f9080000,0x00000000fc780000)
 ParOldGen       total 331264K, used 297794K [0x00000000c0000000, 0x00000000d4380000, 0x00000000eab00000)
  object space 331264K, 89% used [0x00000000c0000000,0x00000000d22d09f8,0x00000000d4380000)
 Metaspace       used 5933K, capacity 6174K, committed 6400K, reserved 1056768K
  class space    used 576K, capacity 673K, committed 768K, reserved 1048576K
}

